2025-08-30T16:54:23.553834+00:00 HEARTBEAT BTC-USD price=108823.3700 signal=0 pos=0 equity=1666.67
2025-08-30T16:54:23.731774+00:00 HEARTBEAT ETH-USD price=4368.6000 signal=0 pos=0 equity=1666.67
2025-08-30T16:54:23.904344+00:00 HEARTBEAT SOL-USD price=200.8600 signal=0 pos=0 equity=1666.67
2025-08-30T16:54:24.096967+00:00 HEARTBEAT LTC-USD price=110.4000 signal=0 pos=0 equity=1666.67
2025-08-30T16:54:24.269609+00:00 HEARTBEAT DOGE-USD price=0.2157 signal=0 pos=0 equity=1666.67
2025-08-30T16:54:24.480070+00:00 HEARTBEAT ADA-USD price=0.8217 signal=0 pos=0 equity=1666.67
2025-08-30T16:54:54.654446+00:00 HEARTBEAT BTC-USD price=108823.3700 signal=0 pos=0 equity=1666.67
2025-08-30T16:54:54.826477+00:00 HEARTBEAT ETH-USD price=4368.6000 signal=0 pos=0 equity=1666.67
2025-08-30T16:54:55.062216+00:00 HEARTBEAT SOL-USD price=200.8600 signal=0 pos=0 equity=1666.67
2025-08-30T16:54:55.285729+00:00 HEARTBEAT LTC-USD price=110.4000 signal=0 pos=0 equity=1666.67
2025-08-30T16:54:55.483612+00:00 HEARTBEAT DOGE-USD price=0.2157 signal=0 pos=0 equity=1666.67
2025-08-30T16:54:55.711847+00:00 HEARTBEAT ADA-USD price=0.8217 signal=0 pos=0 equity=1666.67
2025-08-30T16:55:25.902592+00:00 HEARTBEAT BTC-USD price=108868.1300 signal=1 pos=0 equity=1666.67
2025-08-30T16:55:26.114342+00:00 HEARTBEAT ETH-USD price=4368.6000 signal=0 pos=0 equity=1666.67
2025-08-30T16:55:26.276524+00:00 HEARTBEAT SOL-USD price=200.8600 signal=0 pos=0 equity=1666.67
2025-08-30T16:55:26.444117+00:00 HEARTBEAT LTC-USD price=110.4000 signal=0 pos=0 equity=1666.67
2025-08-30T16:55:26.591919+00:00 HEARTBEAT DOGE-USD price=0.2157 signal=0 pos=0 equity=1666.67
2025-08-30T16:55:26.738521+00:00 HEARTBEAT ADA-USD price=0.8217 signal=0 pos=0 equity=1666.67
2025-08-30T16:55:57.008737+00:00 HEARTBEAT BTC-USD price=108868.1300 signal=1 pos=0 equity=1666.67
2025-08-30T16:55:57.243835+00:00 HEARTBEAT ETH-USD price=4366.1600 signal=0 pos=0 equity=1666.67
2025-08-30T16:55:57.484547+00:00 HEARTBEAT SOL-USD price=200.8600 signal=0 pos=0 equity=1666.67
2025-08-30T16:55:57.636196+00:00 HEARTBEAT LTC-USD price=110.4000 signal=0 pos=0 equity=1666.67
2025-08-30T16:55:57.832612+00:00 HEARTBEAT DOGE-USD price=0.2157 signal=0 pos=0 equity=1666.67
2025-08-30T16:55:58.056275+00:00 HEARTBEAT ADA-USD price=0.8217 signal=0 pos=0 equity=1666.67
2025-08-30T16:56:28.357866+00:00 HEARTBEAT BTC-USD price=108868.1300 signal=1 pos=0 equity=1666.67
2025-08-30T16:56:28.534077+00:00 HEARTBEAT ETH-USD price=4366.1600 signal=0 pos=0 equity=1666.67
2025-08-30T16:56:28.695208+00:00 HEARTBEAT SOL-USD price=200.8700 signal=1 pos=0 equity=1666.67
2025-08-30T16:56:28.897109+00:00 HEARTBEAT LTC-USD price=110.4000 signal=0 pos=0 equity=1666.67
2025-08-30T16:56:29.109590+00:00 HEARTBEAT DOGE-USD price=0.2157 signal=0 pos=0 equity=1666.67
2025-08-30T16:56:29.301681+00:00 HEARTBEAT ADA-USD price=0.8217 signal=0 pos=0 equity=1666.67
2025-08-30T16:57:00.625790+00:00 HEARTBEAT BTC-USD price=108868.1300 signal=1 pos=0 equity=1666.67
2025-08-30T16:57:00.826461+00:00 HEARTBEAT ETH-USD price=4366.1600 signal=0 pos=0 equity=1666.67
2025-08-30T16:57:01.122943+00:00 HEARTBEAT SOL-USD price=200.8700 signal=1 pos=1 equity=1465.80
2025-08-30T16:57:01.483355+00:00 HEARTBEAT LTC-USD price=110.2900 signal=0 pos=0 equity=1666.67
2025-08-30T16:57:01.670278+00:00 HEARTBEAT DOGE-USD price=0.2157 signal=0 pos=0 equity=1666.67
2025-08-30T16:57:01.849766+00:00 HEARTBEAT ADA-USD price=0.8217 signal=0 pos=0 equity=1666.67
2025-08-30T16:57:32.014211+00:00 HEARTBEAT BTC-USD price=108868.1300 signal=1 pos=0 equity=1666.67
2025-08-30T16:57:32.201895+00:00 HEARTBEAT ETH-USD price=4366.1600 signal=0 pos=0 equity=1666.67
2025-08-30T16:57:32.420016+00:00 HEARTBEAT SOL-USD price=200.8700 signal=1 pos=1 equity=1465.80
2025-08-30T16:57:32.661275+00:00 HEARTBEAT LTC-USD price=110.2900 signal=0 pos=0 equity=1666.67
2025-08-30T16:57:32.815242+00:00 HEARTBEAT DOGE-USD price=0.2157 signal=0 pos=0 equity=1666.67
2025-08-30T16:57:32.975268+00:00 HEARTBEAT ADA-USD price=0.8217 signal=0 pos=0 equity=1666.67
2025-08-30T16:58:03.219977+00:00 HEARTBEAT BTC-USD price=108868.1300 signal=1 pos=0 equity=1666.67
2025-08-30T16:58:03.456369+00:00 HEARTBEAT ETH-USD price=4366.1600 signal=0 pos=0 equity=1666.67
2025-08-30T16:58:03.966972+00:00 HEARTBEAT SOL-USD price=200.8700 signal=1 pos=1 equity=1465.80
2025-08-30T16:58:04.659014+00:00 HEARTBEAT LTC-USD price=110.2900 signal=0 pos=0 equity=1666.67
2025-08-30T16:58:05.373062+00:00 HEARTBEAT DOGE-USD price=0.2154 signal=0 pos=0 equity=1666.67
2025-08-30T16:58:05.856717+00:00 HEARTBEAT ADA-USD price=0.8217 signal=0 pos=0 equity=1666.67
2025-08-30T16:58:36.048305+00:00 HEARTBEAT BTC-USD price=108868.1300 signal=1 pos=0 equity=1666.67
2025-08-30T16:58:36.234382+00:00 HEARTBEAT ETH-USD price=4366.1600 signal=0 pos=0 equity=1666.67
2025-08-30T16:58:36.395627+00:00 HEARTBEAT SOL-USD price=200.8700 signal=1 pos=1 equity=1465.80
2025-08-30T16:58:36.706626+00:00 HEARTBEAT LTC-USD price=110.2900 signal=0 pos=0 equity=1666.67
2025-08-30T16:58:36.910266+00:00 HEARTBEAT DOGE-USD price=0.2154 signal=0 pos=0 equity=1666.67
2025-08-30T16:58:37.149287+00:00 HEARTBEAT ADA-USD price=0.8217 signal=0 pos=0 equity=1666.67
2025-08-30T16:59:07.484536+00:00 HEARTBEAT BTC-USD price=108868.1300 signal=1 pos=0 equity=1666.67
2025-08-30T16:59:07.717161+00:00 HEARTBEAT ETH-USD price=4366.1600 signal=0 pos=0 equity=1666.67
2025-08-30T16:59:07.926691+00:00 HEARTBEAT SOL-USD price=200.8700 signal=1 pos=1 equity=1465.80
2025-08-30T16:59:08.108779+00:00 HEARTBEAT LTC-USD price=110.2900 signal=0 pos=0 equity=1666.67
2025-08-30T16:59:08.311615+00:00 HEARTBEAT DOGE-USD price=0.2154 signal=0 pos=0 equity=1666.67
2025-08-30T16:59:08.532815+00:00 HEARTBEAT ADA-USD price=0.8217 signal=0 pos=0 equity=1666.67
2025-08-30T16:59:38.756792+00:00 HEARTBEAT BTC-USD price=108868.1300 signal=1 pos=0 equity=1666.67
2025-08-30T16:59:39.004455+00:00 HEARTBEAT ETH-USD price=4366.1600 signal=0 pos=0 equity=1666.67
2025-08-30T16:59:39.235285+00:00 HEARTBEAT SOL-USD price=200.8700 signal=1 pos=1 equity=1465.80
2025-08-30T16:59:39.433625+00:00 HEARTBEAT LTC-USD price=110.2900 signal=0 pos=0 equity=1666.67
2025-08-30T16:59:39.681352+00:00 HEARTBEAT DOGE-USD price=0.2154 signal=0 pos=0 equity=1666.67
2025-08-30T16:59:39.951733+00:00 HEARTBEAT ADA-USD price=0.8198 signal=0 pos=0 equity=1666.67
2025-08-30T17:00:10.161604+00:00 HEARTBEAT BTC-USD price=108868.1300 signal=1 pos=0 equity=1666.67
2025-08-30T17:00:10.328201+00:00 HEARTBEAT ETH-USD price=4366.1600 signal=0 pos=0 equity=1666.67
2025-08-30T17:00:10.540818+00:00 HEARTBEAT SOL-USD price=200.8700 signal=1 pos=1 equity=1465.80
2025-08-30T17:00:10.840411+00:00 HEARTBEAT LTC-USD price=110.2900 signal=0 pos=0 equity=1666.67
2025-08-30T17:00:11.123799+00:00 HEARTBEAT DOGE-USD price=0.2154 signal=0 pos=0 equity=1666.67
2025-08-30T17:00:11.273389+00:00 HEARTBEAT ADA-USD price=0.8198 signal=0 pos=0 equity=1666.67
2025-08-30T17:00:41.505948+00:00 HEARTBEAT BTC-USD price=108792.1600 signal=0 pos=0 equity=1666.67
2025-08-30T17:00:41.656794+00:00 HEARTBEAT ETH-USD price=4366.1600 signal=0 pos=0 equity=1666.67
2025-08-30T17:00:41.824420+00:00 HEARTBEAT SOL-USD price=200.8700 signal=1 pos=1 equity=1465.80
2025-08-30T17:00:42.009492+00:00 HEARTBEAT LTC-USD price=110.2900 signal=0 pos=0 equity=1666.67
2025-08-30T17:00:42.182541+00:00 HEARTBEAT DOGE-USD price=0.2154 signal=0 pos=0 equity=1666.67
2025-08-30T17:00:42.890622+00:00 HEARTBEAT ADA-USD price=0.8198 signal=0 pos=0 equity=1666.67
2025-08-30T17:01:13.130298+00:00 HEARTBEAT BTC-USD price=108792.1600 signal=0 pos=0 equity=1666.67
2025-08-30T17:01:13.420129+00:00 HEARTBEAT ETH-USD price=4361.7300 signal=0 pos=0 equity=1666.67
2025-08-30T17:01:13.585181+00:00 HEARTBEAT SOL-USD price=200.8700 signal=1 pos=1 equity=1465.80
2025-08-30T17:01:13.748706+00:00 HEARTBEAT LTC-USD price=110.2900 signal=0 pos=0 equity=1666.67
2025-08-30T17:01:14.969256+00:00 HEARTBEAT DOGE-USD price=0.2154 signal=0 pos=0 equity=1666.67
2025-08-30T17:01:15.155182+00:00 HEARTBEAT ADA-USD price=0.8198 signal=0 pos=0 equity=1666.67
2025-08-30T17:01:45.459214+00:00 HEARTBEAT BTC-USD price=108792.1600 signal=0 pos=0 equity=1666.67
2025-08-30T17:01:45.818546+00:00 HEARTBEAT ETH-USD price=4361.7300 signal=0 pos=0 equity=1666.67
2025-08-30T17:01:46.030533+00:00 HEARTBEAT SOL-USD price=200.3900 signal=0 pos=1 equity=1465.80
2025-08-30T17:01:46.185535+00:00 HEARTBEAT LTC-USD price=110.2900 signal=0 pos=0 equity=1666.67
2025-08-30T17:01:46.409625+00:00 HEARTBEAT DOGE-USD price=0.2154 signal=0 pos=0 equity=1666.67
2025-08-30T17:01:46.904220+00:00 HEARTBEAT ADA-USD price=0.8198 signal=0 pos=0 equity=1666.67
2025-08-30T17:02:17.085090+00:00 HEARTBEAT BTC-USD price=108792.1600 signal=0 pos=0 equity=1666.67
2025-08-30T17:02:17.215509+00:00 HEARTBEAT ETH-USD price=4361.7300 signal=0 pos=0 equity=1666.67
2025-08-30T17:02:17.345223+00:00 HEARTBEAT SOL-USD price=200.3900 signal=0 pos=1 equity=1465.80
2025-08-30T17:02:17.522111+00:00 HEARTBEAT LTC-USD price=110.4700 signal=0 pos=0 equity=1666.67
2025-08-30T17:02:17.643431+00:00 HEARTBEAT DOGE-USD price=0.2154 signal=0 pos=0 equity=1666.67
2025-08-30T17:02:17.853843+00:00 HEARTBEAT ADA-USD price=0.8198 signal=0 pos=0 equity=1666.67
2025-08-30T17:02:48.077215+00:00 HEARTBEAT BTC-USD price=108792.1600 signal=0 pos=0 equity=1666.67
2025-08-30T17:02:48.271353+00:00 HEARTBEAT ETH-USD price=4361.7300 signal=0 pos=0 equity=1666.67
2025-08-30T17:02:48.558945+00:00 HEARTBEAT SOL-USD price=200.3900 signal=0 pos=1 equity=1465.80
2025-08-30T17:02:48.810994+00:00 HEARTBEAT LTC-USD price=110.4700 signal=0 pos=0 equity=1666.67
2025-08-30T17:02:48.984564+00:00 HEARTBEAT DOGE-USD price=0.2154 signal=0 pos=0 equity=1666.67
2025-08-30T17:02:49.171178+00:00 HEARTBEAT ADA-USD price=0.8198 signal=0 pos=0 equity=1666.67
2025-08-30T17:03:19.396939+00:00 HEARTBEAT BTC-USD price=108792.1600 signal=0 pos=0 equity=1666.67
2025-08-30T17:03:19.544753+00:00 HEARTBEAT ETH-USD price=4361.7300 signal=0 pos=0 equity=1666.67
2025-08-30T17:03:19.717343+00:00 HEARTBEAT SOL-USD price=200.3900 signal=0 pos=1 equity=1465.80
2025-08-30T17:03:19.873149+00:00 HEARTBEAT LTC-USD price=110.4700 signal=0 pos=0 equity=1666.67
2025-08-30T17:03:20.167804+00:00 HEARTBEAT DOGE-USD price=0.2153 signal=0 pos=0 equity=1666.67
2025-08-30T17:03:20.343728+00:00 HEARTBEAT ADA-USD price=0.8198 signal=0 pos=0 equity=1666.67
2025-08-30T17:03:50.639624+00:00 HEARTBEAT BTC-USD price=108792.1600 signal=0 pos=0 equity=1666.67
2025-08-30T17:03:50.830649+00:00 HEARTBEAT ETH-USD price=4361.7300 signal=0 pos=0 equity=1666.67
2025-08-30T17:03:50.961864+00:00 HEARTBEAT SOL-USD price=200.3900 signal=0 pos=1 equity=1465.80
2025-08-30T17:03:51.264416+00:00 HEARTBEAT LTC-USD price=110.4700 signal=0 pos=0 equity=1666.67
2025-08-30T17:03:51.530632+00:00 HEARTBEAT DOGE-USD price=0.2153 signal=0 pos=0 equity=1666.67
2025-08-30T17:03:51.721147+00:00 HEARTBEAT ADA-USD price=0.8198 signal=0 pos=0 equity=1666.67
2025-08-30T17:04:21.892668+00:00 HEARTBEAT BTC-USD price=108792.1600 signal=0 pos=0 equity=1666.67
2025-08-30T17:04:22.045419+00:00 HEARTBEAT ETH-USD price=4361.7300 signal=0 pos=0 equity=1666.67
2025-08-30T17:04:22.194225+00:00 HEARTBEAT SOL-USD price=200.3900 signal=0 pos=1 equity=1465.80
2025-08-30T17:04:22.342686+00:00 HEARTBEAT LTC-USD price=110.4700 signal=0 pos=0 equity=1666.67
2025-08-30T17:04:22.573416+00:00 HEARTBEAT DOGE-USD price=0.2153 signal=0 pos=0 equity=1666.67
2025-08-30T17:04:22.787254+00:00 HEARTBEAT ADA-USD price=0.8198 signal=0 pos=0 equity=1666.67
2025-08-30T17:04:53.455119+00:00 HEARTBEAT BTC-USD price=108792.1600 signal=0 pos=0 equity=1666.67
2025-08-30T17:04:53.617692+00:00 HEARTBEAT ETH-USD price=4361.7300 signal=0 pos=0 equity=1666.67
2025-08-30T17:04:53.781933+00:00 HEARTBEAT SOL-USD price=200.3900 signal=0 pos=1 equity=1465.80
2025-08-30T17:04:54.110935+00:00 HEARTBEAT LTC-USD price=110.4700 signal=0 pos=0 equity=1666.67
2025-08-30T17:04:54.442693+00:00 HEARTBEAT DOGE-USD price=0.2153 signal=0 pos=0 equity=1666.67
2025-08-30T17:04:54.809809+00:00 HEARTBEAT ADA-USD price=0.8202 signal=0 pos=0 equity=1666.67
2025-08-30T17:05:24.977684+00:00 HEARTBEAT BTC-USD price=108879.4200 signal=0 pos=0 equity=1666.67
2025-08-30T17:05:25.129353+00:00 HEARTBEAT ETH-USD price=4361.7300 signal=0 pos=0 equity=1666.67
2025-08-30T17:05:25.511506+00:00 HEARTBEAT SOL-USD price=200.3900 signal=0 pos=1 equity=1465.80
2025-08-30T17:05:25.678921+00:00 HEARTBEAT LTC-USD price=110.4700 signal=0 pos=0 equity=1666.67
2025-08-30T17:05:25.853124+00:00 HEARTBEAT DOGE-USD price=0.2153 signal=0 pos=0 equity=1666.67
2025-08-30T17:05:26.065625+00:00 HEARTBEAT ADA-USD price=0.8202 signal=0 pos=0 equity=1666.67
2025-08-30T17:05:56.281664+00:00 HEARTBEAT BTC-USD price=108879.4200 signal=0 pos=0 equity=1666.67
2025-08-30T17:05:56.432702+00:00 HEARTBEAT ETH-USD price=4361.7300 signal=0 pos=0 equity=1666.67
2025-08-30T17:05:56.581941+00:00 HEARTBEAT SOL-USD price=200.3900 signal=0 pos=1 equity=1465.80
2025-08-30T17:05:56.748362+00:00 HEARTBEAT LTC-USD price=110.4700 signal=0 pos=0 equity=1666.67
2025-08-30T17:05:56.888310+00:00 HEARTBEAT DOGE-USD price=0.2153 signal=0 pos=0 equity=1666.67
2025-08-30T17:05:57.123063+00:00 HEARTBEAT ADA-USD price=0.8202 signal=0 pos=0 equity=1666.67
2025-08-30T17:06:27.341122+00:00 HEARTBEAT BTC-USD price=108879.4200 signal=0 pos=0 equity=1666.67
2025-08-30T17:06:27.669961+00:00 HEARTBEAT ETH-USD price=4366.7800 signal=0 pos=0 equity=1666.67
2025-08-30T17:06:27.901492+00:00 HEARTBEAT SOL-USD price=200.3900 signal=0 pos=1 equity=1465.80
2025-08-30T17:06:28.052635+00:00 HEARTBEAT LTC-USD price=110.4700 signal=0 pos=0 equity=1666.67
2025-08-30T17:06:28.203367+00:00 HEARTBEAT DOGE-USD price=0.2153 signal=0 pos=0 equity=1666.67
2025-08-30T17:06:28.427536+00:00 HEARTBEAT ADA-USD price=0.8202 signal=0 pos=0 equity=1666.67
2025-08-30T17:06:58.603812+00:00 HEARTBEAT BTC-USD price=108879.4200 signal=0 pos=0 equity=1666.67
2025-08-30T17:06:58.763898+00:00 HEARTBEAT ETH-USD price=4366.7800 signal=0 pos=0 equity=1666.67
2025-08-30T17:06:58.988564+00:00 HEARTBEAT SOL-USD price=200.5800 signal=0 pos=1 equity=1465.80
2025-08-30T17:06:59.240390+00:00 HEARTBEAT LTC-USD price=110.4700 signal=0 pos=0 equity=1666.67
2025-08-30T17:06:59.422112+00:00 HEARTBEAT DOGE-USD price=0.2153 signal=0 pos=0 equity=1666.67
2025-08-30T17:06:59.586183+00:00 HEARTBEAT ADA-USD price=0.8202 signal=0 pos=0 equity=1666.67
2025-08-30T17:07:29.775228+00:00 HEARTBEAT BTC-USD price=108879.4200 signal=0 pos=0 equity=1666.67
2025-08-30T17:07:29.962223+00:00 HEARTBEAT ETH-USD price=4366.7800 signal=0 pos=0 equity=1666.67
2025-08-30T17:07:30.133924+00:00 HEARTBEAT SOL-USD price=200.5800 signal=0 pos=1 equity=1465.80
2025-08-30T17:07:30.323130+00:00 HEARTBEAT LTC-USD price=110.4800 signal=0 pos=0 equity=1666.67
2025-08-30T17:07:30.516956+00:00 HEARTBEAT DOGE-USD price=0.2153 signal=0 pos=0 equity=1666.67
2025-08-30T17:07:30.694400+00:00 HEARTBEAT ADA-USD price=0.8202 signal=0 pos=0 equity=1666.67
2025-08-30T17:08:00.884366+00:00 HEARTBEAT BTC-USD price=108879.4200 signal=0 pos=0 equity=1666.67
2025-08-30T17:08:01.150081+00:00 HEARTBEAT ETH-USD price=4366.7800 signal=0 pos=0 equity=1666.67
2025-08-30T17:08:01.344962+00:00 HEARTBEAT SOL-USD price=200.5800 signal=0 pos=1 equity=1465.80
2025-08-30T17:08:01.596456+00:00 HEARTBEAT LTC-USD price=110.4800 signal=0 pos=0 equity=1666.67
2025-08-30T17:08:01.746603+00:00 HEARTBEAT DOGE-USD price=0.2153 signal=0 pos=0 equity=1666.67
2025-08-30T17:08:01.958508+00:00 HEARTBEAT ADA-USD price=0.8202 signal=0 pos=0 equity=1666.67
2025-08-30T17:08:32.217938+00:00 HEARTBEAT BTC-USD price=108879.4200 signal=0 pos=0 equity=1666.67
2025-08-30T17:08:32.387189+00:00 HEARTBEAT ETH-USD price=4366.7800 signal=0 pos=0 equity=1666.67
2025-08-30T17:08:32.575610+00:00 HEARTBEAT SOL-USD price=200.5800 signal=0 pos=1 equity=1465.80
2025-08-30T17:08:32.764242+00:00 HEARTBEAT LTC-USD price=110.4800 signal=0 pos=0 equity=1666.67
2025-08-30T17:08:33.132930+00:00 HEARTBEAT DOGE-USD price=0.2159 signal=0 pos=0 equity=1666.67
2025-08-30T17:08:33.462599+00:00 HEARTBEAT ADA-USD price=0.8202 signal=0 pos=0 equity=1666.67
2025-08-30T17:09:03.637029+00:00 HEARTBEAT BTC-USD price=108879.4200 signal=0 pos=0 equity=1666.67
2025-08-30T17:09:03.787481+00:00 HEARTBEAT ETH-USD price=4366.7800 signal=0 pos=0 equity=1666.67
2025-08-30T17:09:03.929991+00:00 HEARTBEAT SOL-USD price=200.5800 signal=0 pos=1 equity=1465.80
2025-08-30T17:09:04.061624+00:00 HEARTBEAT LTC-USD price=110.4800 signal=0 pos=0 equity=1666.67
2025-08-30T17:09:04.222532+00:00 HEARTBEAT DOGE-USD price=0.2159 signal=0 pos=0 equity=1666.67
2025-08-30T17:09:04.361159+00:00 HEARTBEAT ADA-USD price=0.8202 signal=0 pos=0 equity=1666.67
2025-08-30T17:09:34.577252+00:00 HEARTBEAT BTC-USD price=108879.4200 signal=0 pos=0 equity=1666.67
2025-08-30T17:09:34.794381+00:00 HEARTBEAT ETH-USD price=4366.7800 signal=0 pos=0 equity=1666.67
2025-08-30T17:09:35.023036+00:00 HEARTBEAT SOL-USD price=200.5800 signal=0 pos=1 equity=1465.80
2025-08-30T17:09:35.310183+00:00 HEARTBEAT LTC-USD price=110.4800 signal=0 pos=0 equity=1666.67
2025-08-30T17:09:35.561975+00:00 HEARTBEAT DOGE-USD price=0.2159 signal=0 pos=0 equity=1666.67
2025-08-30T17:09:35.713239+00:00 HEARTBEAT ADA-USD price=0.8202 signal=0 pos=0 equity=1666.67
2025-08-30T17:10:06.168222+00:00 HEARTBEAT BTC-USD price=108879.4200 signal=0 pos=0 equity=1666.67
2025-08-30T17:10:06.436807+00:00 HEARTBEAT ETH-USD price=4366.7800 signal=0 pos=0 equity=1666.67
2025-08-30T17:10:06.826463+00:00 HEARTBEAT SOL-USD price=200.5800 signal=0 pos=1 equity=1465.80
2025-08-30T17:10:07.263554+00:00 HEARTBEAT LTC-USD price=110.4800 signal=0 pos=0 equity=1666.67
2025-08-30T17:10:07.564753+00:00 HEARTBEAT DOGE-USD price=0.2159 signal=0 pos=0 equity=1666.67
2025-08-30T17:10:07.772962+00:00 HEARTBEAT ADA-USD price=0.8212 signal=0 pos=0 equity=1666.67
2025-08-30T17:10:38.042919+00:00 HEARTBEAT BTC-USD price=108844.9000 signal=0 pos=0 equity=1666.67
2025-08-30T17:10:38.189268+00:00 HEARTBEAT ETH-USD price=4366.7800 signal=0 pos=0 equity=1666.67
2025-08-30T17:10:38.334294+00:00 HEARTBEAT SOL-USD price=200.5800 signal=0 pos=1 equity=1465.80
2025-08-30T17:10:38.522228+00:00 HEARTBEAT LTC-USD price=110.4800 signal=0 pos=0 equity=1666.67
2025-08-30T17:10:38.733177+00:00 HEARTBEAT DOGE-USD price=0.2159 signal=0 pos=0 equity=1666.67
2025-08-30T17:10:39.002551+00:00 HEARTBEAT ADA-USD price=0.8212 signal=0 pos=0 equity=1666.67
2025-08-30T17:11:09.266070+00:00 HEARTBEAT BTC-USD price=108844.9000 signal=0 pos=0 equity=1666.67
2025-08-30T17:11:09.535865+00:00 HEARTBEAT ETH-USD price=4366.7800 signal=0 pos=0 equity=1666.67
2025-08-30T17:11:09.909174+00:00 HEARTBEAT SOL-USD price=200.5800 signal=0 pos=1 equity=1465.80
2025-08-30T17:11:10.077836+00:00 HEARTBEAT LTC-USD price=110.4800 signal=0 pos=0 equity=1666.67
2025-08-30T17:11:10.229177+00:00 HEARTBEAT DOGE-USD price=0.2159 signal=0 pos=0 equity=1666.67
2025-08-30T17:11:10.426712+00:00 HEARTBEAT ADA-USD price=0.8212 signal=0 pos=0 equity=1666.67
