2025-08-30T12:43:37.124148+00:00 HEARTBEAT BTC-USD price=108412.6200 signal=0 pos=0 equity=1666.67
2025-08-30T12:43:37.275717+00:00 HEARTBEAT ETH-USD price=4351.2700 signal=0 pos=0 equity=1666.67
2025-08-30T12:43:37.551472+00:00 HEARTBEAT SOL-USD price=199.7100 signal=0 pos=0 equity=1666.67
2025-08-30T12:43:37.695429+00:00 HEARTBEAT LTC-USD price=109.6900 signal=-1 pos=0 equity=1666.67
2025-08-30T12:43:37.825278+00:00 HEARTBEAT DOGE-USD price=0.2138 signal=0 pos=0 equity=1666.67
2025-08-30T12:43:37.986160+00:00 HEARTBEAT ADA-USD price=0.8134 signal=-1 pos=0 equity=1666.67
2025-08-30T12:44:08.124260+00:00 HEARTBEAT BTC-USD price=108434.9100 signal=0 pos=0 equity=1666.67
2025-08-30T12:44:08.286867+00:00 HEARTBEAT ETH-USD price=4351.2700 signal=0 pos=0 equity=1666.67
2025-08-30T12:44:08.452309+00:00 HEARTBEAT SOL-USD price=199.7100 signal=0 pos=0 equity=1666.67
2025-08-30T12:44:08.593322+00:00 HEARTBEAT LTC-USD price=109.6900 signal=-1 pos=0 equity=1666.67
2025-08-30T12:44:08.735100+00:00 HEARTBEAT DOGE-USD price=0.2140 signal=-1 pos=0 equity=1666.67
2025-08-30T12:44:08.880956+00:00 HEARTBEAT ADA-USD price=0.8097 signal=1 pos=0 equity=1666.67
2025-08-30T12:44:39.046850+00:00 HEARTBEAT BTC-USD price=108434.9100 signal=0 pos=0 equity=1666.67
2025-08-30T12:44:39.204650+00:00 HEARTBEAT ETH-USD price=4351.2700 signal=0 pos=0 equity=1666.67
2025-08-30T12:44:39.474132+00:00 HEARTBEAT SOL-USD price=199.7100 signal=0 pos=0 equity=1666.67
2025-08-30T12:44:39.630066+00:00 HEARTBEAT LTC-USD price=109.6900 signal=-1 pos=0 equity=1666.67
2025-08-30T12:44:39.795279+00:00 HEARTBEAT DOGE-USD price=0.2140 signal=-1 pos=0 equity=1666.67
2025-08-30T12:44:39.982287+00:00 HEARTBEAT ADA-USD price=0.8097 signal=1 pos=1 equity=1665.86
2025-08-30T12:45:10.244661+00:00 HEARTBEAT BTC-USD price=108434.9100 signal=0 pos=0 equity=1666.67
2025-08-30T12:45:10.408275+00:00 HEARTBEAT ETH-USD price=4351.2700 signal=0 pos=0 equity=1666.67
2025-08-30T12:45:10.568622+00:00 HEARTBEAT SOL-USD price=199.7100 signal=0 pos=0 equity=1666.67
2025-08-30T12:45:10.709871+00:00 HEARTBEAT LTC-USD price=109.6900 signal=-1 pos=0 equity=1666.67
2025-08-30T12:45:10.847674+00:00 HEARTBEAT DOGE-USD price=0.2140 signal=-1 pos=0 equity=1666.67
2025-08-30T12:45:11.003427+00:00 HEARTBEAT ADA-USD price=0.8097 signal=1 pos=1 equity=1665.86
